Traceback (most recent call last):
  File "/home/pat/anaconda3/lib/python3.9/site-packages/jupyter_cache/executors/utils.py", line 58, in single_nb_execution
    executenb(
  File "/home/pat/anaconda3/lib/python3.9/site-packages/nbclient/client.py", line 1112, in execute
    return NotebookClient(nb=nb, resources=resources, km=km, **kwargs).execute()
  File "/home/pat/anaconda3/lib/python3.9/site-packages/nbclient/util.py", line 74, in wrapped
    return just_run(coro(*args, **kwargs))
  File "/home/pat/anaconda3/lib/python3.9/site-packages/nbclient/util.py", line 53, in just_run
    return loop.run_until_complete(coro)
  File "/home/pat/anaconda3/lib/python3.9/asyncio/base_events.py", line 642, in run_until_complete
    return future.result()
  File "/home/pat/anaconda3/lib/python3.9/site-packages/nbclient/client.py", line 553, in async_execute
    await self.async_execute_cell(
  File "/home/pat/anaconda3/lib/python3.9/site-packages/nbclient/client.py", line 857, in async_execute_cell
    self._check_raise_for_error(cell, exec_reply)
  File "/home/pat/anaconda3/lib/python3.9/site-packages/nbclient/client.py", line 760, in _check_raise_for_error
    raise CellExecutionError.from_cell_and_msg(cell, exec_reply_content)
nbclient.exceptions.CellExecutionError: An error occurred while executing the following cell:
------------------
save_config=dict(volume='Basic Concepts Of Fixed Income',
                 chapter='Accrued Interest',
                 file_name='Accrued Interest.xlsx')
create_workbook('Basic Bond Data',bond_data,save_config)
------------------

[0;31m---------------------------------------------------------------------------[0m
[0;31mStdinNotImplementedError[0m                  Traceback (most recent call last)
[0;32m/tmp/ipykernel_20574/4099785922.py[0m in [0;36m<module>[0;34m[0m
[1;32m      2[0m                  [0mchapter[0m[0;34m=[0m[0;34m'Accrued Interest'[0m[0;34m,[0m[0;34m[0m[0;34m[0m[0m
[1;32m      3[0m                  file_name='Accrued Interest.xlsx')
[0;32m----> 4[0;31m [0mcreate_workbook[0m[0;34m([0m[0;34m'Basic Bond Data'[0m[0;34m,[0m[0mbond_data[0m[0;34m,[0m[0msave_config[0m[0;34m)[0m[0;34m[0m[0;34m[0m[0m
[0m
[0;32m<string>[0m in [0;36mcreate_workbook[0;34m(sheet_name, df, save_config)[0m

[0;32m<string>[0m in [0;36msave_results[0;34m(save_config)[0m

[0;32m~/anaconda3/lib/python3.9/site-packages/ipykernel/kernelbase.py[0m in [0;36mraw_input[0;34m(self, prompt)[0m
[1;32m   1272[0m         [0;32mif[0m [0;32mnot[0m [0mself[0m[0;34m.[0m[0m_allow_stdin[0m[0;34m:[0m[0;34m[0m[0;34m[0m[0m
[1;32m   1273[0m             [0mmsg[0m [0;34m=[0m [0;34m"raw_input was called, but this frontend does not support input requests."[0m[0;34m[0m[0;34m[0m[0m
[0;32m-> 1274[0;31m             [0;32mraise[0m [0mStdinNotImplementedError[0m[0;34m([0m[0mmsg[0m[0;34m)[0m[0;34m[0m[0;34m[0m[0m
[0m[1;32m   1275[0m         return self._input_request(
[1;32m   1276[0m             [0mstr[0m[0;34m([0m[0mprompt[0m[0;34m)[0m[0;34m,[0m[0;34m[0m[0;34m[0m[0m

[0;31mStdinNotImplementedError[0m: raw_input was called, but this frontend does not support input requests.
StdinNotImplementedError: raw_input was called, but this frontend does not support input requests.

